<?xml version="1.0" encoding="UTF-8"?>
<testsuite name="com.kakaopay.paymoneysprinkle.PaymoneySprinkleApplicationTests" tests="1" skipped="0" failures="0" errors="0" timestamp="2020-11-26T20:46:11" hostname="HJ-DESKTOP" time="0.236">
  <properties/>
  <testcase name="contextLoads()" classname="com.kakaopay.paymoneysprinkle.PaymoneySprinkleApplicationTests" time="0.236"/>
  <system-out><![CDATA[05:46:08.282 [Test worker] DEBUG org.springframework.test.context.BootstrapUtils - Instantiating CacheAwareContextLoaderDelegate from class [org.springframework.test.context.cache.DefaultCacheAwareContextLoaderDelegate]
05:46:08.295 [Test worker] DEBUG org.springframework.test.context.BootstrapUtils - Instantiating BootstrapContext using constructor [public org.springframework.test.context.support.DefaultBootstrapContext(java.lang.Class,org.springframework.test.context.CacheAwareContextLoaderDelegate)]
05:46:08.322 [Test worker] DEBUG org.springframework.test.context.BootstrapUtils - Instantiating TestContextBootstrapper for test class [com.kakaopay.paymoneysprinkle.PaymoneySprinkleApplicationTests] from class [org.springframework.boot.test.context.SpringBootTestContextBootstrapper]
05:46:08.337 [Test worker] INFO org.springframework.boot.test.context.SpringBootTestContextBootstrapper - Neither @ContextConfiguration nor @ContextHierarchy found for test class [com.kakaopay.paymoneysprinkle.PaymoneySprinkleApplicationTests], using SpringBootContextLoader
05:46:08.342 [Test worker] DEBUG org.springframework.test.context.support.AbstractContextLoader - Did not detect default resource location for test class [com.kakaopay.paymoneysprinkle.PaymoneySprinkleApplicationTests]: class path resource [com/kakaopay/paymoneysprinkle/PaymoneySprinkleApplicationTests-context.xml] does not exist
05:46:08.343 [Test worker] DEBUG org.springframework.test.context.support.AbstractContextLoader - Did not detect default resource location for test class [com.kakaopay.paymoneysprinkle.PaymoneySprinkleApplicationTests]: class path resource [com/kakaopay/paymoneysprinkle/PaymoneySprinkleApplicationTestsContext.groovy] does not exist
05:46:08.343 [Test worker] INFO org.springframework.test.context.support.AbstractContextLoader - Could not detect default resource locations for test class [com.kakaopay.paymoneysprinkle.PaymoneySprinkleApplicationTests]: no resource found for suffixes {-context.xml, Context.groovy}.
05:46:08.344 [Test worker] INFO org.springframework.test.context.support.AnnotationConfigContextLoaderUtils - Could not detect default configuration classes for test class [com.kakaopay.paymoneysprinkle.PaymoneySprinkleApplicationTests]: PaymoneySprinkleApplicationTests does not declare any static, non-private, non-final, nested classes annotated with @Configuration.
05:46:08.385 [Test worker] DEBUG org.springframework.test.context.support.ActiveProfilesUtils - Could not find an 'annotation declaring class' for annotation type [org.springframework.test.context.ActiveProfiles] and class [com.kakaopay.paymoneysprinkle.PaymoneySprinkleApplicationTests]
05:46:08.461 [Test worker] DEBUG org.springframework.context.annotation.ClassPathScanningCandidateComponentProvider - Identified candidate component class: file [C:\Project\paymoney-sprinkle\sprinkle-api\build\classes\java\main\com\kakaopay\paymoneysprinkle\PaymoneySprinkleApplication.class]
05:46:08.463 [Test worker] INFO org.springframework.boot.test.context.SpringBootTestContextBootstrapper - Found @SpringBootConfiguration com.kakaopay.paymoneysprinkle.PaymoneySprinkleApplication for test class com.kakaopay.paymoneysprinkle.PaymoneySprinkleApplicationTests
05:46:08.590 [Test worker] DEBUG org.springframework.boot.test.context.SpringBootTestContextBootstrapper - @TestExecutionListeners is not present for class [com.kakaopay.paymoneysprinkle.PaymoneySprinkleApplicationTests]: using defaults.
05:46:08.591 [Test worker] INFO org.springframework.boot.test.context.SpringBootTestContextBootstrapper - Loaded default TestExecutionListener class names from location [META-INF/spring.factories]: [org.springframework.boot.test.autoconfigure.restdocs.RestDocsTestExecutionListener, org.springframework.boot.test.autoconfigure.web.client.MockRestServiceServerResetTestExecutionListener, org.springframework.boot.test.autoconfigure.web.servlet.MockMvcPrintOnlyOnFailureTestExecutionListener, org.springframework.boot.test.autoconfigure.web.servlet.WebDriverTestExecutionListener, org.springframework.boot.test.autoconfigure.webservices.client.MockWebServiceServerTestExecutionListener, org.springframework.boot.test.mock.mockito.MockitoTestExecutionListener, org.springframework.boot.test.mock.mockito.ResetMocksTestExecutionListener, org.springframework.test.context.web.ServletTestExecutionListener, org.springframework.test.context.support.DirtiesContextBeforeModesTestExecutionListener, org.springframework.test.context.support.DependencyInjectionTestExecutionListener, org.springframework.test.context.support.DirtiesContextTestExecutionListener, org.springframework.test.context.transaction.TransactionalTestExecutionListener, org.springframework.test.context.jdbc.SqlScriptsTestExecutionListener, org.springframework.test.context.event.EventPublishingTestExecutionListener]
05:46:08.611 [Test worker] INFO org.springframework.boot.test.context.SpringBootTestContextBootstrapper - Using TestExecutionListeners: [org.springframework.test.context.web.ServletTestExecutionListener@14904e46, org.springframework.test.context.support.DirtiesContextBeforeModesTestExecutionListener@78dcedc4, org.springframework.boot.test.mock.mockito.MockitoTestExecutionListener@5726b6be, org.springframework.boot.test.autoconfigure.SpringBootDependencyInjectionTestExecutionListener@4ae8d557, org.springframework.test.context.support.DirtiesContextTestExecutionListener@5c9c4032, org.springframework.test.context.transaction.TransactionalTestExecutionListener@43b124a8, org.springframework.test.context.jdbc.SqlScriptsTestExecutionListener@2140f926, org.springframework.test.context.event.EventPublishingTestExecutionListener@2d0ed234, org.springframework.boot.test.autoconfigure.restdocs.RestDocsTestExecutionListener@13ad9a77, org.springframework.boot.test.autoconfigure.web.client.MockRestServiceServerResetTestExecutionListener@59f368ce, org.springframework.boot.test.autoconfigure.web.servlet.MockMvcPrintOnlyOnFailureTestExecutionListener@7f5c331f, org.springframework.boot.test.autoconfigure.web.servlet.WebDriverTestExecutionListener@2498c1b2, org.springframework.boot.test.autoconfigure.webservices.client.MockWebServiceServerTestExecutionListener@5b998974, org.springframework.boot.test.mock.mockito.ResetMocksTestExecutionListener@196e3fd1]
05:46:08.616 [Test worker] DEBUG org.springframework.test.context.support.AbstractDirtiesContextTestExecutionListener - Before test class: context [DefaultTestContext@7ada10ef testClass = PaymoneySprinkleApplicationTests, testInstance = [null], testMethod = [null], testException = [null], mergedContextConfiguration = [WebMergedContextConfiguration@7c13b25d testClass = PaymoneySprinkleApplicationTests, locations = '{}', classes = '{class com.kakaopay.paymoneysprinkle.PaymoneySprinkleApplication}', contextInitializerClasses = '[]', activeProfiles = '{}', propertySourceLocations = '{}', propertySourceProperties = '{org.springframework.boot.test.context.SpringBootTestContextBootstrapper=true}', contextCustomizers = set[org.springframework.boot.test.autoconfigure.properties.PropertyMappingContextCustomizer@0, org.springframework.boot.test.autoconfigure.web.servlet.WebDriverContextCustomizerFactory$Customizer@fad7147, org.springframework.boot.test.context.filter.ExcludeFilterContextCustomizer@5b3a4fd5, org.springframework.boot.test.json.DuplicateJsonObjectContextCustomizerFactory$DuplicateJsonObjectContextCustomizer@5cfde08d, org.springframework.boot.test.mock.mockito.MockitoContextCustomizer@0, org.springframework.boot.test.web.client.TestRestTemplateContextCustomizer@298bc80f, org.springframework.boot.test.context.SpringBootTestArgs@1, org.springframework.boot.test.context.SpringBootTestWebEnvironment@78c2758f], resourceBasePath = 'src/main/webapp', contextLoader = 'org.springframework.boot.test.context.SpringBootContextLoader', parent = [null]], attributes = map['org.springframework.test.context.web.ServletTestExecutionListener.activateListener' -> true]], class annotated with @DirtiesContext [false] with mode [null].
05:46:08.646 [Test worker] DEBUG org.springframework.test.context.support.TestPropertySourceUtils - Adding inlined properties to environment: {spring.jmx.enabled=false, org.springframework.boot.test.context.SpringBootTestContextBootstrapper=true}

  .   ____          _            __ _ _
 /\\ / ___'_ __ _ _(_)_ __  __ _ \ \ \ \
( ( )\___ | '_ | '_| | '_ \/ _` | \ \ \ \
 \\/  ___)| |_)| | | | | || (_| |  ) ) ) )
  '  |____| .__|_| |_|_| |_\__, | / / / /
 =========|_|==============|___/=/_/_/_/
 :: Spring Boot ::        (v2.3.6.RELEASE)

2020-11-27 05:46:08.943  INFO 6584 --- [    Test worker] c.k.p.PaymoneySprinkleApplicationTests   : Starting PaymoneySprinkleApplicationTests on HJ-DESKTOP with PID 6584 (started by jhj51 in C:\Project\paymoney-sprinkle\sprinkle-api)
2020-11-27 05:46:08.945  INFO 6584 --- [    Test worker] c.k.p.PaymoneySprinkleApplicationTests   : No active profile set, falling back to default profiles: default
2020-11-27 05:46:09.653  INFO 6584 --- [    Test worker] .s.d.r.c.RepositoryConfigurationDelegate : Bootstrapping Spring Data JPA repositories in DEFERRED mode.
2020-11-27 05:46:09.686  INFO 6584 --- [    Test worker] .s.d.r.c.RepositoryConfigurationDelegate : Finished Spring Data repository scanning in 19ms. Found 0 JPA repository interfaces.
2020-11-27 05:46:10.190  INFO 6584 --- [    Test worker] o.s.s.concurrent.ThreadPoolTaskExecutor  : Initializing ExecutorService 'applicationTaskExecutor'
2020-11-27 05:46:10.209  INFO 6584 --- [    Test worker] com.zaxxer.hikari.HikariDataSource       : HikariPool-1 - Starting...
2020-11-27 05:46:10.393  INFO 6584 --- [    Test worker] com.zaxxer.hikari.HikariDataSource       : HikariPool-1 - Start completed.
2020-11-27 05:46:10.483  INFO 6584 --- [         task-1] o.hibernate.jpa.internal.util.LogHelper  : HHH000204: Processing PersistenceUnitInfo [name: default]
2020-11-27 05:46:10.562  INFO 6584 --- [         task-1] org.hibernate.Version                    : HHH000412: Hibernate ORM core version 5.4.23.Final
2020-11-27 05:46:10.763  INFO 6584 --- [         task-1] o.hibernate.annotations.common.Version   : HCANN000001: Hibernate Commons Annotations {5.1.2.Final}
2020-11-27 05:46:10.782  WARN 6584 --- [    Test worker] JpaBaseConfiguration$JpaWebConfiguration : spring.jpa.open-in-view is enabled by default. Therefore, database queries may be performed during view rendering. Explicitly configure spring.jpa.open-in-view to disable this warning
2020-11-27 05:46:10.960  INFO 6584 --- [         task-1] org.hibernate.dialect.Dialect            : HHH000400: Using dialect: org.hibernate.dialect.H2Dialect
2020-11-27 05:46:11.486  INFO 6584 --- [    Test worker] DeferredRepositoryInitializationListener : Triggering deferred initialization of Spring Data repositories…
2020-11-27 05:46:11.487  INFO 6584 --- [    Test worker] DeferredRepositoryInitializationListener : Spring Data repositories initialized!
2020-11-27 05:46:11.495  INFO 6584 --- [    Test worker] c.k.p.PaymoneySprinkleApplicationTests   : Started PaymoneySprinkleApplicationTests in 2.84 seconds (JVM running for 4.002)
]]></system-out>
  <system-err><![CDATA[]]></system-err>
</testsuite>
